<?xml version="1.0" encoding="UTF-8"?>
<!-- Generated by org.testng.reporters.JUnitReportReporter -->
<testsuite skipped="0" hostname="DESKTOP-3ORHPO1" name="com.orangehrmlive.demo.testsuite.LoginPageTest" tests="1" failures="0" timestamp="2022-12-13T09:05:24 GMT" time="7.036" errors="0">
  <testcase name="userShouldNavigateToForgotPasswordPageSuccessfully" time="7.036" classname="com.orangehrmlive.demo.testsuite.LoginPageTest"/>
  <system-out>
    <![CDATA[click the forgotpassword button[[ChromeDriver: chrome on WINDOWS (b1a4b1519c7390005ccaf01d6abab77e)] -> xpath: //body/div[@id='app']/div[1]/div[1]/div[1]/div[1]/div[2]/div[2]/form[1]/div[4]/p[1]]
returning Customer Text
returning Customer Text]]>
  </system-out>
</testsuite> <!-- com.orangehrmlive.demo.testsuite.LoginPageTest -->
